This is pdfTeX, Version 3.1415926-2.5-1.40.14 (TeX Live 2013/Debian) (format=pdflatex 2014.9.12)  3 FEB 2015 15:10
entering extended mode
 restricted \write18 enabled.
 %&-line parsing enabled.
**thesis.tex
(./thesis.tex
LaTeX2e <2011/06/27>
Babel <3.9h> and hyphenation patterns for 2 languages loaded.
(./mitthesis.cls
Document Class: mitthesis 1999/10/20
\vithesis=\count79
(/usr/share/texlive/texmf-dist/tex/latex/base/report.cls
Document Class: report 2007/10/19 v1.4h Standard LaTeX document class
(/usr/share/texlive/texmf-dist/tex/latex/base/size12.clo
File: size12.clo 2007/10/19 v1.4h Standard LaTeX file (size option)
)
\c@part=\count80
\c@chapter=\count81
\c@section=\count82
\c@subsection=\count83
\c@subsubsection=\count84
\c@paragraph=\count85
\c@subparagraph=\count86
\c@figure=\count87
\c@table=\count88
\abovecaptionskip=\skip41
\belowcaptionskip=\skip42
\bibindent=\dimen102
)
(/usr/share/texlive/texmf-dist/tex/latex/setspace/setspace.sty
Package: setspace 2011/12/19 v6.7a set line spacing
)
Thesis document copyright MIT unless otherwise (manually) specified
\@titlesupervisor=\box26
\@abstractsupervisor=\box27
\c@savepage=\count89
) (/usr/share/texlive/texmf-dist/tex/latex/cite/cite.sty
LaTeX Info: Redefining \cite on input line 302.
LaTeX Info: Redefining \nocite on input line 373.
Package: cite 2010/09/10  v 5.3
)
(/usr/share/texlive/texmf-dist/tex/latex/preprint/fullpage.sty
Package: fullpage 1999/02/23 1.1 (PWD)
\FP@margin=\skip43
)
(/usr/share/texlive/texmf-dist/tex/latex/notoccite/notoccite.sty
Package: notoccite 2000/07/20
)
(/usr/share/texlive/texmf-dist/tex/latex/amsmath/amsmath.sty
Package: amsmath 2013/01/14 v2.14 AMS math features
\@mathmargin=\skip44

For additional information on amsmath, use the `?' option.
(/usr/share/texlive/texmf-dist/tex/latex/amsmath/amstext.sty
Package: amstext 2000/06/29 v2.01

(/usr/share/texlive/texmf-dist/tex/latex/amsmath/amsgen.sty
File: amsgen.sty 1999/11/30 v2.0
\@emptytoks=\toks14
\ex@=\dimen103
))
(/usr/share/texlive/texmf-dist/tex/latex/amsmath/amsbsy.sty
Package: amsbsy 1999/11/29 v1.2d
\pmbraise@=\dimen104
)
(/usr/share/texlive/texmf-dist/tex/latex/amsmath/amsopn.sty
Package: amsopn 1999/12/14 v2.01 operator names
)
\inf@bad=\count90
LaTeX Info: Redefining \frac on input line 210.
\uproot@=\count91
\leftroot@=\count92
LaTeX Info: Redefining \overline on input line 306.
\classnum@=\count93
\DOTSCASE@=\count94
LaTeX Info: Redefining \ldots on input line 378.
LaTeX Info: Redefining \dots on input line 381.
LaTeX Info: Redefining \cdots on input line 466.
\Mathstrutbox@=\box28
\strutbox@=\box29
\big@size=\dimen105
LaTeX Font Info:    Redeclaring font encoding OML on input line 566.
LaTeX Font Info:    Redeclaring font encoding OMS on input line 567.
\macc@depth=\count95
\c@MaxMatrixCols=\count96
\dotsspace@=\muskip10
\c@parentequation=\count97
\dspbrk@lvl=\count98
\tag@help=\toks15
\row@=\count99
\column@=\count100
\maxfields@=\count101
\andhelp@=\toks16
\eqnshift@=\dimen106
\alignsep@=\dimen107
\tagshift@=\dimen108
\tagwidth@=\dimen109
\totwidth@=\dimen110
\lineht@=\dimen111
\@envbody=\toks17
\multlinegap=\skip45
\multlinetaggap=\skip46
\mathdisplay@stack=\toks18
LaTeX Info: Redefining \[ on input line 2665.
LaTeX Info: Redefining \] on input line 2666.
)
(/usr/share/texlive/texmf-dist/tex/latex/amsfonts/amssymb.sty
Package: amssymb 2013/01/14 v3.01 AMS font symbols

(/usr/share/texlive/texmf-dist/tex/latex/amsfonts/amsfonts.sty
Package: amsfonts 2013/01/14 v3.01 Basic AMSFonts support
\symAMSa=\mathgroup4
\symAMSb=\mathgroup5
LaTeX Font Info:    Overwriting math alphabet `\mathfrak' in version `bold'
(Font)                  U/euf/m/n --> U/euf/b/n on input line 106.
))
(/usr/share/texlive/texmf-dist/tex/latex/graphics/graphics.sty
Package: graphics 2009/02/05 v1.0o Standard LaTeX Graphics (DPC,SPQR)

(/usr/share/texlive/texmf-dist/tex/latex/graphics/trig.sty
Package: trig 1999/03/16 v1.09 sin cos tan (DPC)
)
(/usr/share/texlive/texmf-dist/tex/latex/latexconfig/graphics.cfg
File: graphics.cfg 2010/04/23 v1.9 graphics configuration of TeX Live
)
Package graphics Info: Driver file: pdftex.def on input line 91.

(/usr/share/texlive/texmf-dist/tex/latex/pdftex-def/pdftex.def
File: pdftex.def 2011/05/27 v0.06d Graphics/color for pdfTeX

(/usr/share/texlive/texmf-dist/tex/generic/oberdiek/infwarerr.sty
Package: infwarerr 2010/04/08 v1.3 Providing info/warning/error messages (HO)
)
(/usr/share/texlive/texmf-dist/tex/generic/oberdiek/ltxcmds.sty
Package: ltxcmds 2011/11/09 v1.22 LaTeX kernel commands for general use (HO)
)
\Gread@gobject=\count102
))
(/usr/share/texlive/texmf-dist/tex/latex/graphics/graphicx.sty
Package: graphicx 1999/02/16 v1.0f Enhanced LaTeX Graphics (DPC,SPQR)

(/usr/share/texlive/texmf-dist/tex/latex/graphics/keyval.sty
Package: keyval 1999/03/16 v1.13 key=value parser (DPC)
\KV@toks@=\toks19
)
\Gin@req@height=\dimen112
\Gin@req@width=\dimen113
)
(/usr/share/texlive/texmf-dist/tex/latex/listings/listings.sty
\lst@mode=\count103
\lst@gtempboxa=\box30
\lst@token=\toks20
\lst@length=\count104
\lst@currlwidth=\dimen114
\lst@column=\count105
\lst@pos=\count106
\lst@lostspace=\dimen115
\lst@width=\dimen116
\lst@newlines=\count107
\lst@lineno=\count108
\lst@maxwidth=\dimen117

(/usr/share/texlive/texmf-dist/tex/latex/listings/lstmisc.sty
File: lstmisc.sty 2013/08/26 1.5b (Carsten Heinz)
\c@lstnumber=\count109
\lst@skipnumbers=\count110
\lst@framebox=\box31
)
(/usr/share/texlive/texmf-dist/tex/latex/listings/listings.cfg
File: listings.cfg 2013/08/26 1.5b listings configuration
))
Package: listings 2013/08/26 1.5b (Carsten Heinz)

(/usr/share/texlive/texmf-dist/tex/latex/appendix/appendix.sty
Package: appendix 2009/09/02 v1.2b extra appendix facilities
\c@@pps=\count111
\c@@ppsavesec=\count112
\c@@ppsaveapp=\count113
)
(/usr/share/texlive/texmf-dist/tex/latex/graphics/color.sty
Package: color 2005/11/14 v1.0j Standard LaTeX Color (DPC)

(/usr/share/texlive/texmf-dist/tex/latex/latexconfig/color.cfg
File: color.cfg 2007/01/18 v1.5 color configuration of teTeX/TeXLive
)
Package color Info: Driver file: pdftex.def on input line 130.
)
(/usr/share/texlive/texmf-dist/tex/latex/natbib/natbib.sty
Package: natbib 2010/09/13 8.31b (PWD, AO)


Package natbib Warning: The `cite' package should not be used
(natbib)                with natbib. Use option `sort' instead.

\bibhang=\skip47
\bibsep=\skip48
LaTeX Info: Redefining \cite on input line 694.
LaTeX Info: Redefining \citenum on input line 708.
\c@NAT@ctr=\count114
) (./thesis.aux (./cover.aux) (./intro.aux) (./pcoct.aux) (./ghost.aux)
(./first.aux) (./conclusions.aux) (./appendix-ht3read.aux)
(./appendix-spadcounts.aux))
\openout1 = `thesis.aux'.

LaTeX Font Info:    Checking defaults for OML/cmm/m/it on input line 13.
LaTeX Font Info:    ... okay on input line 13.
LaTeX Font Info:    Checking defaults for T1/cmr/m/n on input line 13.
LaTeX Font Info:    ... okay on input line 13.
LaTeX Font Info:    Checking defaults for OT1/cmr/m/n on input line 13.
LaTeX Font Info:    ... okay on input line 13.
LaTeX Font Info:    Checking defaults for OMS/cmsy/m/n on input line 13.
LaTeX Font Info:    ... okay on input line 13.
LaTeX Font Info:    Checking defaults for OMX/cmex/m/n on input line 13.
LaTeX Font Info:    ... okay on input line 13.
LaTeX Font Info:    Checking defaults for U/cmr/m/n on input line 13.
LaTeX Font Info:    ... okay on input line 13.

(/usr/share/texlive/texmf-dist/tex/context/base/supp-pdf.mkii
[Loading MPS to PDF converter (version 2006.09.02).]
\scratchcounter=\count115
\scratchdimen=\dimen118
\scratchbox=\box32
\nofMPsegments=\count116
\nofMParguments=\count117
\everyMPshowfont=\toks21
\MPscratchCnt=\count118
\MPscratchDim=\dimen119
\MPnumerator=\count119
\makeMPintoPDFobject=\count120
\everyMPtoPDFconversion=\toks22
) (/usr/share/texlive/texmf-dist/tex/generic/oberdiek/pdftexcmds.sty
Package: pdftexcmds 2011/11/29 v0.20 Utility functions of pdfTeX for LuaTeX (HO
)

(/usr/share/texlive/texmf-dist/tex/generic/oberdiek/ifluatex.sty
Package: ifluatex 2010/03/01 v1.3 Provides the ifluatex switch (HO)
Package ifluatex Info: LuaTeX not detected.
)
(/usr/share/texlive/texmf-dist/tex/generic/oberdiek/ifpdf.sty
Package: ifpdf 2011/01/30 v2.3 Provides the ifpdf switch (HO)
Package ifpdf Info: pdfTeX in PDF mode is detected.
)
Package pdftexcmds Info: LuaTeX not detected.
Package pdftexcmds Info: \pdf@primitive is available.
Package pdftexcmds Info: \pdf@ifprimitive is available.
Package pdftexcmds Info: \pdfdraftmode found.
)
(/usr/share/texlive/texmf-dist/tex/latex/oberdiek/epstopdf-base.sty
Package: epstopdf-base 2010/02/09 v2.5 Base part for package epstopdf

(/usr/share/texlive/texmf-dist/tex/latex/oberdiek/grfext.sty
Package: grfext 2010/08/19 v1.1 Manage graphics extensions (HO)

(/usr/share/texlive/texmf-dist/tex/generic/oberdiek/kvdefinekeys.sty
Package: kvdefinekeys 2011/04/07 v1.3 Define keys (HO)
))
(/usr/share/texlive/texmf-dist/tex/latex/oberdiek/kvoptions.sty
Package: kvoptions 2011/06/30 v3.11 Key value format for package options (HO)

(/usr/share/texlive/texmf-dist/tex/generic/oberdiek/kvsetkeys.sty
Package: kvsetkeys 2012/04/25 v1.16 Key value parser (HO)

(/usr/share/texlive/texmf-dist/tex/generic/oberdiek/etexcmds.sty
Package: etexcmds 2011/02/16 v1.5 Avoid name clashes with e-TeX commands (HO)
Package etexcmds Info: Could not find \expanded.
(etexcmds)             That can mean that you are not using pdfTeX 1.50 or
(etexcmds)             that some package has redefined \expanded.
(etexcmds)             In the latter case, load this package earlier.
)))
Package grfext Info: Graphics extension search list:
(grfext)             [.png,.pdf,.jpg,.mps,.jpeg,.jbig2,.jb2,.PNG,.PDF,.JPG,.JPE
G,.JBIG2,.JB2,.eps]
(grfext)             \AppendGraphicsExtensions on input line 452.

(/usr/share/texlive/texmf-dist/tex/latex/latexconfig/epstopdf-sys.cfg
File: epstopdf-sys.cfg 2010/07/13 v1.3 Configuration of (r)epstopdf for TeX Liv
e
))
\c@lstlisting=\count121
\openout2 = `cover.aux'.


(./cover.tex
LaTeX Font Info:    Try loading font information for OMS+cmr on input line 63.
 (/usr/share/texlive/texmf-dist/tex/latex/base/omscmr.fd
File: omscmr.fd 1999/05/25 v2.5h Standard LaTeX font definitions
)
LaTeX Font Info:    Font shape `OMS/cmr/m/n' in size <14.4> not available
(Font)              Font shape `OMS/cmsy/m/n' tried instead on input line 63.
 [1



{/var/lib/texmf/fonts/map/pdftex/updmap/pdftex.map}] [2

] (./abstract.tex) [3

] [4

]
(./acknowledgements.tex [5]
Underfull \vbox (badness 10000) has occurred while \output is active []

 [6]))
[7] [8


] (./thesis.toc
LaTeX Font Info:    Try loading font information for U+msa on input line 3.
 (/usr/share/texlive/texmf-dist/tex/latex/amsfonts/umsa.fd
File: umsa.fd 2013/01/14 v3.01 AMS symbols A
)
LaTeX Font Info:    Try loading font information for U+msb on input line 3.
 (/usr/share/texlive/texmf-dist/tex/latex/amsfonts/umsb.fd
File: umsb.fd 2013/01/14 v3.01 AMS symbols B
) [9])
\tf@toc=\write3
\openout3 = `thesis.toc'.

 [10]
(./thesis.lof
Underfull \vbox (badness 6825) has occurred while \output is active []

 [11

]
Underfull \vbox (badness 10000) has occurred while \output is active []

 [12]
Underfull \vbox (badness 2538) has occurred while \output is active []

 [13]
[14]
Underfull \vbox (badness 10000) has occurred while \output is active []

 [15]
Overfull \hbox (0.88335pt too wide) in paragraph at lines 48--48
 [][] []\OT1/cmr/m/n/12 Scanning scheme to ob-tain high-resolution im-ages us-i
ng the 32$\OMS/cmsy/m/n/12 ^^B$\OT1/cmr/m/n/12 32-pixel SPAD 
 []


Underfull \vbox (badness 10000) has occurred while \output is active []

 [16])
\tf@lof=\write4
\openout4 = `thesis.lof'.


[17]
\openout2 = `intro.aux'.

 (./intro.tex [18


]
Chapter 1.

Underfull \vbox (badness 7576) has occurred while \output is active []

 [19]
Overfull \hbox (4.41653pt too wide) in paragraph at lines 8--9
\OT1/cmr/m/n/12 conjugate op-ti-cal co-her-ence to-mog-ra-phy (OCT) sys-tem [[]
] us-ing an am-pli-fied downconversion-
 []


Underfull \vbox (badness 10000) has occurred while \output is active []

 [20])
[21]
\openout2 = `pcoct.aux'.

 (./pcoct.tex [22



]
Chapter 2.

Underfull \vbox (badness 2932) has occurred while \output is active []

 [23]
Underfull \vbox (badness 10000) has occurred while \output is active []

 [24]
<figure-pcoct-schematic-combined.pdf, id=86, 408.52625pt x 561.09625pt>
File: figure-pcoct-schematic-combined.pdf Graphic file (type pdf)

<use figure-pcoct-schematic-combined.pdf>
Package pdftex.def Info: figure-pcoct-schematic-combined.pdf used on input line
 21.
(pdftex.def)             Requested size: 383.2667pt x 526.37598pt.


LaTeX Warning: `!h' float specifier changed to `!ht'.

[25]

LaTeX Warning: Text page 26 contains only floats.


Overfull \vbox (3.44597pt too high) has occurred while \output is active []


[26 <./figure-pcoct-schematic-combined.pdf>]
Underfull \vbox (badness 3758) has occurred while \output is active []

 [27]
Underfull \vbox (badness 10000) has occurred while \output is active []

 [28]
Underfull \vbox (badness 10000) has occurred while \output is active []

 [29]
[30] <figure-pcoct-setup-spdc.pdf, id=405, 285.70488pt x 114.33951pt>
File: figure-pcoct-setup-spdc.pdf Graphic file (type pdf)

<use figure-pcoct-setup-spdc.pdf>
Package pdftex.def Info: figure-pcoct-setup-spdc.pdf used on input line 109.
(pdftex.def)             Requested size: 369.88582pt x 148.03592pt.

<figure-pcoct-seedspectrum.pdf, id=406, 290.08376pt x 217.81375pt>
File: figure-pcoct-seedspectrum.pdf Graphic file (type pdf)

<use figure-pcoct-seedspectrum.pdf>
Package pdftex.def Info: figure-pcoct-seedspectrum.pdf used on input line 119.
(pdftex.def)             Requested size: 369.88582pt x 277.75371pt.


LaTeX Warning: `h' float specifier changed to `ht'.

<figure-pcoct-edfabeforeafter.pdf, id=407, 591.71063pt x 235.32639pt>
File: figure-pcoct-edfabeforeafter.pdf Graphic file (type pdf)

<use figure-pcoct-edfabeforeafter.pdf>
Package pdftex.def Info: figure-pcoct-edfabeforeafter.pdf used on input line 12
8.
(pdftex.def)             Requested size: 455.24408pt x 181.05824pt.


LaTeX Warning: `h' float specifier changed to `ht'.

<figure-pcoct-edfapower.pdf, id=408, 497.88846pt x 397.28482pt>
File: figure-pcoct-edfapower.pdf Graphic file (type pdf)

<use figure-pcoct-edfapower.pdf>
Package pdftex.def Info: figure-pcoct-edfapower.pdf used on input line 136.
(pdftex.def)             Requested size: 284.52756pt x 227.03665pt.


LaTeX Warning: `h' float specifier changed to `ht'.

<figure-pcoct-shg.pdf, id=409, 497.6985pt x 395.9806pt>
File: figure-pcoct-shg.pdf Graphic file (type pdf)

<use figure-pcoct-shg.pdf>
Package pdftex.def Info: figure-pcoct-shg.pdf used on input line 144.
(pdftex.def)             Requested size: 284.52756pt x 226.37592pt.


LaTeX Warning: `h' float specifier changed to `ht'.

[31 <./figure-pcoct-setup-spdc.pdf>]
Underfull \vbox (badness 10000) has occurred while \output is active []

 [32 <./figure-pcoct-seedspectrum.pdf>] [33 <./figure-pcoct-edfabeforeafter.pdf
>]
<figure-pcoct-data-power.pdf, id=435, 574.17183pt x 485.15216pt>
File: figure-pcoct-data-power.pdf Graphic file (type pdf)

<use figure-pcoct-data-power.pdf>
Package pdftex.def Info: figure-pcoct-data-power.pdf used on input line 163.
(pdftex.def)             Requested size: 341.43306pt x 288.50255pt.

<figure-pcoct-data-spectrum.pdf, id=436, 376.84775pt x 170.60028pt>
File: figure-pcoct-data-spectrum.pdf Graphic file (type pdf)

<use figure-pcoct-data-spectrum.pdf>
Package pdftex.def Info: figure-pcoct-data-spectrum.pdf used on input line 171.

(pdftex.def)             Requested size: 469.75502pt x 212.65887pt.

<figure-pcoct-setup.pdf, id=437, 840.13875pt x 503.8825pt>
File: figure-pcoct-setup.pdf Graphic file (type pdf)

<use figure-pcoct-setup.pdf>
Package pdftex.def Info: figure-pcoct-setup.pdf used on input line 182.
(pdftex.def)             Requested size: 455.24408pt x 273.0382pt.

Underfull \vbox (badness 10000) has occurred while \output is active []

 [34 <./figure-pcoct-edfapower.pdf>]
<figure-pcoct-cwdm.pdf, id=452, 449.68pt x 338.26375pt>
File: figure-pcoct-cwdm.pdf Graphic file (type pdf)

<use figure-pcoct-cwdm.pdf>
Package pdftex.def Info: figure-pcoct-cwdm.pdf used on input line 198.
(pdftex.def)             Requested size: 341.43306pt x 256.84567pt.

Underfull \vbox (badness 1048) has occurred while \output is active []

 [35 <./figure-pcoct-shg.pdf>]

LaTeX Warning: `h' float specifier changed to `ht'.

[36 <./figure-pcoct-data-power.pdf>]
Underfull \vbox (badness 2707) has occurred while \output is active []

 [37 <./figure-pcoct-data-spectrum.pdf>] [38 <./figure-pcoct-setup.pdf>]
Underfull \vbox (badness 2698) has occurred while \output is active []

 [39 <./figure-pcoct-cwdm.pdf>]
<figure-pcoct-dpplot.pdf, id=504, 628.39609pt x 616.8534pt>
File: figure-pcoct-dpplot.pdf Graphic file (type pdf)

<use figure-pcoct-dpplot.pdf>
Package pdftex.def Info: figure-pcoct-dpplot.pdf used on input line 218.
(pdftex.def)             Requested size: 369.88582pt x 363.10265pt.
 [40 <./figure-pcoct-dpplot.pdf>]
<figure-pcoct-result.pdf, id=510, 515.06018pt x 433.1645pt>
File: figure-pcoct-result.pdf Graphic file (type pdf)

<use figure-pcoct-result.pdf>
Package pdftex.def Info: figure-pcoct-result.pdf used on input line 236.
(pdftex.def)             Requested size: 341.43306pt x 287.15848pt.
 [41]
Underfull \vbox (badness 10000) has occurred while \output is active []

 [42 <./figure-pcoct-result.pdf>] [43]) [44]
\openout2 = `ghost.aux'.

 (./ghost.tex
Chapter 3.

Underfull \vbox (badness 5726) has occurred while \output is active []

 [45



]
Underfull \vbox (badness 10000) has occurred while \output is active []

 [46]
<figure-ghost-schematic.pdf, id=534, 301.125pt x 200.75pt>
File: figure-ghost-schematic.pdf Graphic file (type pdf)

<use figure-ghost-schematic.pdf>
Package pdftex.def Info: figure-ghost-schematic.pdf used on input line 13.
(pdftex.def)             Requested size: 341.43306pt x 227.64433pt.

Underfull \vbox (badness 1655) has occurred while \output is active []

 [47]
Underfull \vbox (badness 10000) has occurred while \output is active []

 [48 <./figure-ghost-schematic.pdf>] [49] [50]
<figure-ghost-setup.pdf, id=663, 558.085pt x 177.66376pt>
File: figure-ghost-setup.pdf Graphic file (type pdf)

<use figure-ghost-setup.pdf>
Package pdftex.def Info: figure-ghost-setup.pdf used on input line 58.
(pdftex.def)             Requested size: 369.88582pt x 117.75453pt.
 [51 <./figure-ghost-setup.pdf>]
<figure-ghost-usaf.pdf, id=669, 212.93234pt x 163.64764pt>
File: figure-ghost-usaf.pdf Graphic file (type pdf)

<use figure-ghost-usaf.pdf>
Package pdftex.def Info: figure-ghost-usaf.pdf used on input line 72.
(pdftex.def)             Requested size: 341.43306pt x 262.43585pt.

Underfull \vbox (badness 10000) has occurred while \output is active []

 [52]
[53 <./figure-ghost-usaf.pdf>]
<figure-ghost-mitlogo.pdf, id=692, 370.68173pt x 192.27858pt>
File: figure-ghost-mitlogo.pdf Graphic file (type pdf)

<use figure-ghost-mitlogo.pdf>
Package pdftex.def Info: figure-ghost-mitlogo.pdf used on input line 87.
(pdftex.def)             Requested size: 341.43306pt x 177.11847pt.

<figure-ghost-blur.pdf, id=693, 613.00961pt x 174.51302pt>
File: figure-ghost-blur.pdf Graphic file (type pdf)

<use figure-ghost-blur.pdf>
Package pdftex.def Info: figure-ghost-blur.pdf used on input line 96.
(pdftex.def)             Requested size: 398.33858pt x 113.40015pt.
 [54 <./figure-ghost-mitlogo.pdf>]
Underfull \vbox (badness 10000) has occurred while \output is active []

 [55 <./figure-ghost-blur.pdf>] [56]
<figure-ghost-snr.pdf, id=812, 420.57124pt x 316.18124pt>
File: figure-ghost-snr.pdf Graphic file (type pdf)

<use figure-ghost-snr.pdf>
Package pdftex.def Info: figure-ghost-snr.pdf used on input line 113.
(pdftex.def)             Requested size: 341.43306pt x 256.68916pt.

<figure-ghost-computational-schematic.pdf, id=813, 713.66624pt x 233.87375pt>
File: figure-ghost-computational-schematic.pdf Graphic file (type pdf)

<use figure-ghost-computational-schematic.pdf>
Package pdftex.def Info: figure-ghost-computational-schematic.pdf used on input
 line 119.
(pdftex.def)             Requested size: 341.43306pt x 111.89053pt.
 [57 <./figure-ghost-snr.pdf>]
<figure-ghost-slm-speckle.pdf, id=828, 618.22368pt x 314.13058pt>
File: figure-ghost-slm-speckle.pdf Graphic file (type pdf)

<use figure-ghost-slm-speckle.pdf>
Package pdftex.def Info: figure-ghost-slm-speckle.pdf used on input line 130.
(pdftex.def)             Requested size: 369.88582pt x 187.94296pt.

Underfull \vbox (badness 5924) has occurred while \output is active []

 [58 <./figure-ghost-computational-schematic.pdf>]
<figure-ghost-computational-setup.pdf, id=839, 524.96124pt x 247.92625pt>
File: figure-ghost-computational-setup.pdf Graphic file (type pdf)

<use figure-ghost-computational-setup.pdf>
Package pdftex.def Info: figure-ghost-computational-setup.pdf used on input lin
e 150.
(pdftex.def)             Requested size: 369.88582pt x 174.69345pt.
 [59 <./figure-ghost-slm-speckle.pdf>] <figure-ghost-computational-result.pdf, 
id=850, 715.84505pt x 265.72017pt>
File: figure-ghost-computational-result.pdf Graphic file (type pdf)

<use figure-ghost-computational-result.pdf>
Package pdftex.def Info: figure-ghost-computational-result.pdf used on input li
ne 163.
(pdftex.def)             Requested size: 455.24408pt x 168.98991pt.

Underfull \vbox (badness 10000) has occurred while \output is active []

 [60 <./figure-ghost-computational-setup.pdf>] [61 <./figure-ghost-computationa
l-result.pdf>] <figure-ghost-cscam.pdf, id=914, 638.385pt x 275.0275pt>
File: figure-ghost-cscam.pdf Graphic file (type pdf)

<use figure-ghost-cscam.pdf>
Package pdftex.def Info: figure-ghost-cscam.pdf used on input line 179.
(pdftex.def)             Requested size: 398.33858pt x 171.61058pt.

Underfull \vbox (badness 10000) has occurred while \output is active []

 [62 <./figure-ghost-cscam.pdf>]
Underfull \vbox (badness 1231) has occurred while \output is active []

 [63]
<figure-ghost-compressed-dctvstv.pdf, id=928, 569.46902pt x 247.71742pt>
File: figure-ghost-compressed-dctvstv.pdf Graphic file (type pdf)

<use figure-ghost-compressed-dctvstv.pdf>
Package pdftex.def Info: figure-ghost-compressed-dctvstv.pdf used on input line
 201.
(pdftex.def)             Requested size: 455.24408pt x 198.03812pt.

Underfull \vbox (badness 10000) has occurred while \output is active []

 [64 <./figure-ghost-compressed-dctvstv.pdf>]
<figure-ghost-compressed-tuning.pdf, id=936, 614.89986pt x 524.90955pt>
File: figure-ghost-compressed-tuning.pdf Graphic file (type pdf)

<use figure-ghost-compressed-tuning.pdf>
Package pdftex.def Info: figure-ghost-compressed-tuning.pdf used on input line 
221.
(pdftex.def)             Requested size: 469.75502pt x 401.01785pt.

<figure-ghost-compressed-bszl1.pdf, id=937, 612.91478pt x 273.02pt>
File: figure-ghost-compressed-bszl1.pdf Graphic file (type pdf)

<use figure-ghost-compressed-bszl1.pdf>
Package pdftex.def Info: figure-ghost-compressed-bszl1.pdf used on input line 2
29.
(pdftex.def)             Requested size: 455.24408pt x 202.78568pt.
 [65 <./figure-ghost-compressed-tuning.pdf>] [66 <./figure-ghost-compressed-bsz
l1.pdf>] [67]
<figure-ghost-compressed-czl1.pdf, id=1303, 500.71451pt x 320.22096pt>
File: figure-ghost-compressed-czl1.pdf Graphic file (type pdf)

<use figure-ghost-compressed-czl1.pdf>
Package pdftex.def Info: figure-ghost-compressed-czl1.pdf used on input line 25
4.
(pdftex.def)             Requested size: 426.79134pt x 272.95622pt.

<figure-ghost-ccgi.pdf, id=1304, 1100.11pt x 216.81pt>
File: figure-ghost-ccgi.pdf Graphic file (type pdf)

<use figure-ghost-ccgi.pdf>
Package pdftex.def Info: figure-ghost-ccgi.pdf used on input line 262.
(pdftex.def)             Requested size: 426.79134pt x 84.11224pt.

<figure-ghost-slm-samples.pdf, id=1305, 256.08173pt x 555.81332pt>
File: figure-ghost-slm-samples.pdf Graphic file (type pdf)

<use figure-ghost-slm-samples.pdf>
Package pdftex.def Info: figure-ghost-slm-samples.pdf used on input line 270.
(pdftex.def)             Requested size: 262.20802pt x 569.05511pt.


LaTeX Warning: Float too large for page by 17.45842pt on input line 274.


LaTeX Warning: `h' float specifier changed to `ht'.

[68 <./figure-ghost-compressed-czl1.pdf>]
Underfull \vbox (badness 8094) has occurred while \output is active []

 [69 <./figure-ghost-ccgi.pdf>]) [70] [71 <./figure-ghost-slm-samples.pdf>]
\openout2 = `first.aux'.

 (./first.tex
[72



]
Chapter 4.

Underfull \vbox (badness 7576) has occurred while \output is active []

 [73]
Underfull \vbox (badness 10000) has occurred while \output is active []

 [74]
Underfull \vbox (badness 10000) has occurred while \output is active []

 [75]
<figure-first-setup.pdf, id=1375, 433.62pt x 404.2302pt>
File: figure-first-setup.pdf Graphic file (type pdf)

<use figure-first-setup.pdf>
Package pdftex.def Info: figure-first-setup.pdf used on input line 26.
(pdftex.def)             Requested size: 398.33858pt x 371.35966pt.

Underfull \vbox (badness 1895) has occurred while \output is active []

 [76]
Underfull \vbox (badness 10000) has occurred while \output is active []

 [77 <./figure-first-setup.pdf>]
Underfull \vbox (badness 10000) has occurred while \output is active []

 [78]
<figure-first-pulse.pdf, id=1389, 318.66615pt x 195.59268pt>
File: figure-first-pulse.pdf Graphic file (type pdf)

<use figure-first-pulse.pdf>
Package pdftex.def Info: figure-first-pulse.pdf used on input line 40.
(pdftex.def)             Requested size: 398.33858pt x 244.49919pt.

<figure-first-scanning.pdf, id=1390, 300.55142pt x 300.55142pt>
File: figure-first-scanning.pdf Graphic file (type pdf)

<use figure-first-scanning.pdf>
Package pdftex.def Info: figure-first-scanning.pdf used on input line 46.
(pdftex.def)             Requested size: 256.0748pt x 256.08902pt.

<figure-first-procedure.pdf, id=1391, 556.25044pt x 217.37187pt>
File: figure-first-procedure.pdf Graphic file (type pdf)

<use figure-first-procedure.pdf>
Package pdftex.def Info: figure-first-procedure.pdf used on input line 52.
(pdftex.def)             Requested size: 426.79134pt x 166.78976pt.

<figure-first-outformat.pdf, id=1392, 558.65855pt x 649.55797pt>
File: figure-first-outformat.pdf Graphic file (type pdf)

<use figure-first-outformat.pdf>
Package pdftex.def Info: figure-first-outformat.pdf used on input line 58.
(pdftex.def)             Requested size: 284.52756pt x 330.81425pt.
 [79 <./figure-first-pulse.pdf>] [80 <./figure-first-scanning.pdf>] [81 <./figu
re-first-procedure.pdf>] [82 <./figure-first-outformat.pdf>] <figure-first-puls
es.pdf, id=1416, 296.4039pt x 121.43167pt>
File: figure-first-pulses.pdf Graphic file (type pdf)

<use figure-first-pulses.pdf>
Package pdftex.def Info: figure-first-pulses.pdf used on input line 90.
(pdftex.def)             Requested size: 398.33858pt x 163.20674pt.
 [83 <./figure-first-pulses.pdf>]
Underfull \vbox (badness 1275) has occurred while \output is active []

 [84]
[85]
Underfull \vbox (badness 10000) has occurred while \output is active []

 [86]
[87]
Underfull \vbox (badness 10000) has occurred while \output is active []

 [88]
<figure-first-manflower.pdf, id=1444, 2839.40486pt x 3429.52458pt>
File: figure-first-manflower.pdf Graphic file (type pdf)

<use figure-first-manflower.pdf>
Package pdftex.def Info: figure-first-manflower.pdf used on input line 200.
(pdftex.def)             Requested size: 422.77664pt x 510.63872pt.


LaTeX Warning: `!h' float specifier changed to `!ht'.

<figure-first-mannequin.pdf, id=1445, 502.82327pt x 360.0943pt>
File: figure-first-mannequin.pdf Graphic file (type pdf)

<use figure-first-mannequin.pdf>
Package pdftex.def Info: figure-first-mannequin.pdf used on input line 207.
(pdftex.def)             Requested size: 469.75502pt x 336.4172pt.


LaTeX Warning: `!h' float specifier changed to `!ht'.

<figure-first-mannequin-zoom.pdf, id=1446, 1763.15855pt x 1300.86pt>
File: figure-first-mannequin-zoom.pdf Graphic file (type pdf)

<use figure-first-mannequin-zoom.pdf>
Package pdftex.def Info: figure-first-mannequin-zoom.pdf used on input line 214
.
(pdftex.def)             Requested size: 469.75502pt x 346.57227pt.


LaTeX Warning: `!h' float specifier changed to `!ht'.

[89]

LaTeX Warning: Text page 90 contains only floats.


Overfull \vbox (3.70871pt too high) has occurred while \output is active []


[90 <./figure-first-manflower.pdf>]
Underfull \vbox (badness 10000) has occurred while \output is active []

 [91 <./figure-first-mannequin.pdf>]
<figure-first-depthchart.pdf, id=1532, 282.54509pt x 669.59383pt>
File: figure-first-depthchart.pdf Graphic file (type pdf)

<use figure-first-depthchart.pdf>
Package pdftex.def Info: figure-first-depthchart.pdf used on input line 227.
(pdftex.def)             Requested size: 216.1161pt x 512.1496pt.


LaTeX Warning: `!h' float specifier changed to `!ht'.


Underfull \vbox (badness 10000) has occurred while \output is active []

 [92 <./figure-first-mannequin-zoom.pdf>]

LaTeX Warning: Text page 93 contains only floats.


Underfull \vbox (badness 2626) has occurred while \output is active []

 [93 <./figure-first-depthchart.pdf>]
<figure-first-intensitychart.pdf, id=1551, 193.34909pt x 629.9841pt>
File: figure-first-intensitychart.pdf Graphic file (type pdf)

<use figure-first-intensitychart.pdf>
Package pdftex.def Info: figure-first-intensitychart.pdf used on input line 237
.
(pdftex.def)             Requested size: 157.19308pt x 512.1496pt.


LaTeX Warning: `!h' float specifier changed to `!ht'.

[94]

LaTeX Warning: Text page 95 contains only floats.


Underfull \vbox (badness 10000) has occurred while \output is active []

 [95 <./figure-first-intensitychart.pdf>]
<figure-first-intensityfromdepth.pdf, id=1575, 617.32335pt x 1161.99121pt>
File: figure-first-intensityfromdepth.pdf Graphic file (type pdf)

<use figure-first-intensityfromdepth.pdf>
Package pdftex.def Info: figure-first-intensityfromdepth.pdf used on input line
 250.
(pdftex.def)             Requested size: 256.96623pt x 483.69684pt.


LaTeX Warning: `!h' float specifier changed to `!ht'.


Underfull \vbox (badness 10000) has occurred while \output is active []

 [96]

LaTeX Warning: Text page 97 contains only floats.


Underfull \vbox (badness 5771) has occurred while \output is active []

 [97 <./figure-first-intensityfromdepth.pdf>] [98]
Underfull \vbox (badness 10000) has occurred while \output is active []

 [99]
<figure-first-spad-terms.pdf, id=1606, 502.3051pt x 572.60751pt>
File: figure-first-spad-terms.pdf Graphic file (type pdf)

<use figure-first-spad-terms.pdf>
Package pdftex.def Info: figure-first-spad-terms.pdf used on input line 282.
(pdftex.def)             Requested size: 426.79134pt x 486.54393pt.


LaTeX Warning: `!h' float specifier changed to `!ht'.

[100]
Underfull \vbox (badness 10000) has occurred while \output is active []

 [101 <./figure-first-spad-terms.pdf>]
<figure-first-spad-setup.pdf, id=1648, 603.16963pt x 412.87663pt>
File: figure-first-spad-setup.pdf Graphic file (type pdf)

<use figure-first-spad-setup.pdf>
Package pdftex.def Info: figure-first-spad-setup.pdf used on input line 292.
(pdftex.def)             Requested size: 469.75502pt x 321.55737pt.
 [102 <./figure-first-spad-setup.pdf>]
<figure-first-spad-scanning.pdf, id=1988, 3198.52878pt x 3343.43709pt>
File: figure-first-spad-scanning.pdf Graphic file (type pdf)

<use figure-first-spad-scanning.pdf>
Package pdftex.def Info: figure-first-spad-scanning.pdf used on input line 302.

(pdftex.def)             Requested size: 426.79134pt x 446.08981pt.


LaTeX Warning: `!h' float specifier changed to `!ht'.


Underfull \vbox (badness 10000) has occurred while \output is active []

 [103]
Overfull \vbox (16.4098pt too high) has occurred while \output is active []


[104 <./figure-first-spad-scanning.pdf>]
Overfull \hbox (17.73578pt too wide) detected at line 317
\OMS/cmsy/m/n/12 L [] \OT1/cmr/m/n/12 = \OML/cmm/m/it/12 ^^M [] [] \OMS/cmsy/m/
n/12 ^^@ \OML/cmm/m/it/12 k\OT1/cmr/m/n/12 (\OML/cmm/m/it/12 x; y\OT1/cmr/m/n/1
2 ) [] []   \OML/cmm/m/it/12 :
 []

[105] [106] <figure-first-spad-pvnrt-i.pdf, id=2511, 523.5996pt x 713.54666pt>
File: figure-first-spad-pvnrt-i.pdf Graphic file (type pdf)

<use figure-first-spad-pvnrt-i.pdf>
Package pdftex.def Info: figure-first-spad-pvnrt-i.pdf used on input line 347.
(pdftex.def)             Requested size: 426.79134pt x 581.61707pt.


LaTeX Warning: Float too large for page by 17.68706pt on input line 350.


LaTeX Warning: `!h' float specifier changed to `!ht'.

<figure-first-spad-boxbooks-i.pdf, id=2512, 523.59972pt x 713.54678pt>
File: figure-first-spad-boxbooks-i.pdf Graphic file (type pdf)

<use figure-first-spad-boxbooks-i.pdf>
Package pdftex.def Info: figure-first-spad-boxbooks-i.pdf used on input line 35
3.
(pdftex.def)             Requested size: 426.79134pt x 581.61716pt.


LaTeX Warning: Float too large for page by 17.68715pt on input line 356.


LaTeX Warning: `!h' float specifier changed to `!ht'.

<figure-first-spad-bball-i.pdf, id=2513, 523.59972pt x 713.54678pt>
File: figure-first-spad-bball-i.pdf Graphic file (type pdf)

<use figure-first-spad-bball-i.pdf>
Package pdftex.def Info: figure-first-spad-bball-i.pdf used on input line 359.
(pdftex.def)             Requested size: 426.79134pt x 581.61716pt.


LaTeX Warning: Float too large for page by 17.68715pt on input line 362.


LaTeX Warning: `!h' float specifier changed to `!ht'.

<figure-first-spad-first-i.pdf, id=2514, 664.58714pt x 1083.9374pt>
File: figure-first-spad-first-i.pdf Graphic file (type pdf)

<use figure-first-spad-first-i.pdf>
Package pdftex.def Info: figure-first-spad-first-i.pdf used on input line 365.
(pdftex.def)             Requested size: 312.9803pt x 510.4761pt.


LaTeX Warning: `!h' float specifier changed to `!ht'.


Underfull \vbox (badness 10000) has occurred while \output is active []

 [107]
<figure-first-spad-mannequin-d.pdf, id=2518, 614.72746pt x 485.18756pt>
File: figure-first-spad-mannequin-d.pdf Graphic file (type pdf)

<use figure-first-spad-mannequin-d.pdf>
Package pdftex.def Info: figure-first-spad-mannequin-d.pdf used on input line 3
75.
(pdftex.def)             Requested size: 426.79134pt x 336.8527pt.


LaTeX Warning: `!h' float specifier changed to `!ht'.

[108]) [109] [110 <./figure-first-spad-pvnrt-i.pdf>] [111 <./figure-first-spad-
boxbooks-i.pdf>] [112 <./figure-first-spad-bball-i.pdf>] [113 <./figure-first-s
pad-first-i.pdf>] [114 <./figure-first-spad-mannequin-d.pdf>]
\openout2 = `conclusions.aux'.


(./conclusions.tex
Chapter 5.

Underfull \vbox (badness 3872) has occurred while \output is active []

 [115



]
Underfull \vbox (badness 10000) has occurred while \output is active []

 [116]
Underfull \vbox (badness 10000) has occurred while \output is active []

 [117])
[118] [119



]
\openout2 = `appendix-ht3read.aux'.

 (./appendix-ht3read.tex [120


]
Appendix A.
(/usr/share/texlive/texmf-dist/tex/latex/listings/lstlang1.sty
File: lstlang1.sty 2013/08/26 1.5b listings language file
)
(/usr/share/texlive/texmf-dist/tex/latex/listings/lstmisc.sty
File: lstmisc.sty 2013/08/26 1.5b (Carsten Heinz)
) (./ht3read.c
LaTeX Font Info:    Font shape `OT1/cmtt/bx/n' in size <8> not available
(Font)              Font shape `OT1/cmtt/m/n' tried instead on input line 19.

[121]
Underfull \vbox (badness 10000) has occurred while \output is active []

 [122]
Underfull \vbox (badness 10000) has occurred while \output is active []

 [123]
Underfull \vbox (badness 10000) has occurred while \output is active []

 [124]
Overfull \hbox (30.05605pt too wide) in paragraph at lines 190--191
[][][][][][][][][][][][][][][][][][][][][][][][][][][][][][][][][][][][][][][][
][][][][][][] 
 []


Underfull \vbox (badness 10000) has occurred while \output is active []

 [125]
Underfull \vbox (badness 10000) has occurred while \output is active []

 [126]
Overfull \hbox (30.05605pt too wide) in paragraph at lines 274--275
[][][][][][][][][][][][][][][][][][][][][][][][][][][][][][][][][][][][][][][][
][][][][][][][][][][][][][] 
 []


Underfull \vbox (badness 10000) has occurred while \output is active []

 [127]
Overfull \hbox (14.7557pt too wide) in paragraph at lines 318--319
[][][][][][][][][][][][][][][][][][][][][][][][][][][][][][] 
 []


Underfull \vbox (badness 10000) has occurred while \output is active []

 [128]
Overfull \hbox (4.55548pt too wide) in paragraph at lines 348--349
[][][][][][][][][][][][][][][][][][][][][][][][][][][][][][][][][] 
 []


Overfull \hbox (9.6556pt too wide) in paragraph at lines 350--351
[][][][][][][][][][][][][][][][][][][][][][][][][][][][][][][][] 
 []


Underfull \vbox (badness 10000) has occurred while \output is active []

 [129]
Underfull \vbox (badness 10000) has occurred while \output is active []

 [130]
Overfull \hbox (45.35638pt too wide) in paragraph at lines 420--421
[][][][][][][][][][][][][][][][][][][][][][][][][][][][][][][][][][][][][][][][
][][][][][][][][][][] 
 []


Overfull \hbox (19.85582pt too wide) in paragraph at lines 431--432
[][][][][][][][][][][][][][][][][][][][][][][][][][][][][][][][][][][][][][][][
][][][] 
 []


Overfull \hbox (24.95593pt too wide) in paragraph at lines 432--433
[][][][][][][][][][][][][][][][][][][][][][][][][][][][][][][][][][][][][][][][
][][][] 
 []


Overfull \hbox (45.35638pt too wide) in paragraph at lines 435--436
[][][][][][][][][][][][][][][][][][][][][][][][][][][][][][][][][][][][][][][][
][][][][][][][][][][][][][][] 
 []


Underfull \vbox (badness 10000) has occurred while \output is active []

 [131]))
[132]
\openout2 = `appendix-spadcounts.aux'.

 (./appendix-spadcounts.tex
Appendix B.
(./spadcounts.c [133



]
Underfull \vbox (badness 10000) has occurred while \output is active []

 [134]
Underfull \vbox (badness 10000) has occurred while \output is active []

 [135]
Underfull \vbox (badness 10000) has occurred while \output is active []

 [136]
Overfull \hbox (162.65898pt too wide) in paragraph at lines 161--162
[][][][][][][][][][][][][][][][][][][][][][][][][][][][][][][][][][][][][][][][
][][][][][][][][][][] 
 []

)) [137] (./thesis.bbl [138


] [139] [140] [141]
Missing character: There is no â in font cmr12!
Missing character: There is no € in font cmr12!
Missing character: There is no “ in font cmr12!
 [142] [143]
Missing character: There is no Ã in font cmr12!
Missing character: There is no ¨ in font cmr12!
 [144]
Missing character: There is no Ã in font cmr12!
Missing character: There is no ¶ in font cmr12!
Missing character: There is no â in font cmr12!
Missing character: There is no € in font cmr12!
Missing character: There is no “ in font cmr12!
Missing character: There is no â in font cmr12!
Missing character: There is no € in font cmr12!
Missing character: There is no ™ in font cmr12!
 [145])
[146] (./thesis.aux (./cover.aux) (./intro.aux) (./pcoct.aux) (./ghost.aux)
(./first.aux) (./conclusions.aux) (./appendix-ht3read.aux)
(./appendix-spadcounts.aux)) ) 
Here is how much of TeX's memory you used:
 5402 strings out of 495028
 80336 string characters out of 6181497
 188233 words of memory out of 5000000
 8408 multiletter control sequences out of 15000+600000
 12270 words of font info for 46 fonts, out of 8000000 for 9000
 14 hyphenation exceptions out of 8191
 38i,7n,54p,2181b,1615s stack positions out of 5000i,500n,10000p,200000b,80000s
</usr/share/texlive/texmf-dist/fonts/type1/public
/amsfonts/cm/cmbx12.pfb></usr/share/texlive/texmf-dist/fonts/type1/public/amsfo
nts/cm/cmbx8.pfb></usr/share/texlive/texmf-dist/fonts/type1/public/amsfonts/cm/
cmex10.pfb></usr/share/texlive/texmf-dist/fonts/type1/public/amsfonts/cm/cmitt1
0.pfb></usr/share/texlive/texmf-dist/fonts/type1/public/amsfonts/cm/cmmi12.pfb>
</usr/share/texlive/texmf-dist/fonts/type1/public/amsfonts/cm/cmmi6.pfb></usr/s
hare/texlive/texmf-dist/fonts/type1/public/amsfonts/cm/cmmi8.pfb></usr/share/te
xlive/texmf-dist/fonts/type1/public/amsfonts/cm/cmr12.pfb></usr/share/texlive/t
exmf-dist/fonts/type1/public/amsfonts/cm/cmr17.pfb></usr/share/texlive/texmf-di
st/fonts/type1/public/amsfonts/cm/cmr6.pfb></usr/share/texlive/texmf-dist/fonts
/type1/public/amsfonts/cm/cmr8.pfb></usr/share/texlive/texmf-dist/fonts/type1/p
ublic/amsfonts/cm/cmsy10.pfb></usr/share/texlive/texmf-dist/fonts/type1/public/
amsfonts/cm/cmsy6.pfb></usr/share/texlive/texmf-dist/fonts/type1/public/amsfont
s/cm/cmsy8.pfb></usr/share/texlive/texmf-dist/fonts/type1/public/amsfonts/cm/cm
ti12.pfb></usr/share/texlive/texmf-dist/fonts/type1/public/amsfonts/cm/cmtt8.pf
b></usr/share/texlive/texmf-dist/fonts/type1/public/amsfonts/symbols/msbm10.pfb
>
Output written on thesis.pdf (146 pages, 15617138 bytes).
PDF statistics:
 2781 PDF objects out of 2984 (max. 8388607)
 1748 compressed objects within 18 object streams
 0 named destinations out of 1000 (max. 500000)
 246 words of extra memory for PDF output out of 10000 (max. 10000000)

